[0.005s] Invoking command in '/home/user/ros2_control_example/build/my_controller2': AMENT_PREFIX_PATH=/home/user/ros2_control_example/install/custom_interfaces:${AMENT_PREFIX_PATH} CMAKE_PREFIX_PATH=/home/user/ros2_control_example/install/custom_interfaces:/opt/ros/humble LD_LIBRARY_PATH=/home/user/ros2_control_example/install/custom_interfaces/lib:${LD_LIBRARY_PATH} PYTHONPATH=/home/user/ros2_control_example/install/custom_interfaces/local/lib/python3.10/dist-packages:${PYTHONPATH} /usr/bin/cmake --build /home/user/ros2_control_example/build/my_controller2 -- -j8 -l8
[0.038s] [ 50%] [32mBuilding CXX object CMakeFiles/my_controller2.dir/src/my_controller2.cpp.o[0m
[1.809s] [01m[K/home/user/ros2_control_example/src/my_controller2/src/my_controller2.cpp:[m[K In member function â€˜[01m[Kvirtual controller_interface::return_type my_controller2::MyController2::update(const rclcpp::Time&, const rclcpp::Duration&)[m[Kâ€™:
[1.809s] [01m[K/home/user/ros2_control_example/src/my_controller2/src/my_controller2.cpp:226:49:[m[K [01;31m[Kerror: [m[Kâ€˜[01m[Kusing element_type = struct custom_interfaces::msg::Controlnote_<std::allocator<void> >[m[Kâ€™ {aka â€˜[01m[Kstruct custom_interfaces::msg::Controlnote_<std::allocator<void> >[m[Kâ€™} has no member named â€˜[01m[Kdisplacements[m[Kâ€™
[1.810s]   226 |             if (!std::isnan((*current_command)->[01;31m[Kdisplacements[m[K[i])) {
[1.810s]       |                                                 [01;31m[K^~~~~~~~~~~~~[m[K
[1.810s] [01m[K/home/user/ros2_control_example/src/my_controller2/src/my_controller2.cpp:221:47:[m[K [01;35m[Kwarning: [m[Kunused parameter â€˜[01m[Ktime[m[Kâ€™ [[01;35m[K]8;;https://gcc.gnu.org/onlinedocs/gcc/Warning-Options.html#index-Wunused-parameter-Wunused-parameter]8;;[m[K]
[1.810s]   221 |     MyController2::update([01;35m[Kconst rclcpp::Time &time[m[K,
[1.810s]       |                           [01;35m[K~~~~~~~~~~~~~~~~~~~~^~~~[m[K
[1.810s] [01m[K/home/user/ros2_control_example/src/my_controller2/src/my_controller2.cpp:222:53:[m[K [01;35m[Kwarning: [m[Kunused parameter â€˜[01m[Kduration[m[Kâ€™ [[01;35m[K]8;;https://gcc.gnu.org/onlinedocs/gcc/Warning-Options.html#index-Wunused-parameter-Wunused-parameter]8;;[m[K]
[1.810s]   222 |                             [01;35m[Kconst rclcpp::Duration &duration[m[K /*period*/) {
[1.810s]       |                             [01;35m[K~~~~~~~~~~~~~~~~~~~~~~~~^~~~~~~~[m[K
[3.809s] gmake[2]: *** [CMakeFiles/my_controller2.dir/build.make:76: CMakeFiles/my_controller2.dir/src/my_controller2.cpp.o] Error 1
[3.809s] gmake[1]: *** [CMakeFiles/Makefile2:137: CMakeFiles/my_controller2.dir/all] Error 2
[3.809s] gmake: *** [Makefile:146: all] Error 2
[3.811s] Invoked command in '/home/user/ros2_control_example/build/my_controller2' returned '2': AMENT_PREFIX_PATH=/home/user/ros2_control_example/install/custom_interfaces:${AMENT_PREFIX_PATH} CMAKE_PREFIX_PATH=/home/user/ros2_control_example/install/custom_interfaces:/opt/ros/humble LD_LIBRARY_PATH=/home/user/ros2_control_example/install/custom_interfaces/lib:${LD_LIBRARY_PATH} PYTHONPATH=/home/user/ros2_control_example/install/custom_interfaces/local/lib/python3.10/dist-packages:${PYTHONPATH} /usr/bin/cmake --build /home/user/ros2_control_example/build/my_controller2 -- -j8 -l8
