[0.013s] Invoking command in '/home/user/ros2_control_example/build/my_controller': CMAKE_PREFIX_PATH=/opt/ros/humble /usr/bin/cmake --build /home/user/ros2_control_example/build/my_controller -- -j8 -l8
[0.042s] [35m[1mConsolidate compiler generated dependencies of target my_controller[0m
[0.055s] [ 50%] [32mBuilding CXX object CMakeFiles/my_controller.dir/src/my_controller.cpp.o[0m
[2.007s] [01m[K/home/user/ros2_control_example/src/my_controller/src/my_controller.cpp:[m[K In member function â€˜[01m[Kvirtual my_controller::CallbackReturn my_controller::MyController::on_init()[m[Kâ€™:
[2.007s] [01m[K/home/user/ros2_control_example/src/my_controller/src/my_controller.cpp:34:43:[m[K [01;31m[Kerror: [m[Kno matching function for call to â€˜[01m[Krclcpp_lifecycle::LifecycleNode::declare_parameters(const char [7])[m[Kâ€™
[2.007s]    34 |             [01;31m[Kget_node()->declare_parameters("joints")[m[K;
[2.007s]       |             [01;31m[K~~~~~~~~~~~~~~~~~~~~~~~~~~~~~~^~~~~~~~~~[m[K
[2.007s] In file included from [01m[K/opt/ros/humble/include/controller_interface/controller_interface_base.hpp:29[m[K,
[2.007s]                  from [01m[K/opt/ros/humble/include/controller_interface/controller_interface.hpp:22[m[K,
[2.007s]                  from [01m[K/home/user/ros2_control_example/src/my_controller/include/my_controller/my_controller.hpp:22[m[K,
[2.008s]                  from [01m[K/home/user/ros2_control_example/src/my_controller/src/my_controller.cpp:15[m[K:
[2.008s] [01m[K/opt/ros/humble/include/rclcpp_lifecycle/rclcpp_lifecycle/lifecycle_node.hpp:367:3:[m[K [01;36m[Knote: [m[Kcandidate: â€˜[01m[Ktemplate<class ParameterT> std::vector<BufferT> rclcpp_lifecycle::LifecycleNode::declare_parameters(const string&, const std::map<std::__cxx11::basic_string<char>, ParameterT>&)[m[Kâ€™
[2.008s]   367 |   [01;36m[Kdeclare_parameters[m[K(
[2.008s]       |   [01;36m[K^~~~~~~~~~~~~~~~~~[m[K
[2.008s] [01m[K/opt/ros/humble/include/rclcpp_lifecycle/rclcpp_lifecycle/lifecycle_node.hpp:367:3:[m[K [01;36m[Knote: [m[K  template argument deduction/substitution failed:
[2.008s] [01m[K/home/user/ros2_control_example/src/my_controller/src/my_controller.cpp:34:43:[m[K [01;36m[Knote: [m[K  candidate expects 2 arguments, 1 provided
[2.008s]    34 |             [01;36m[Kget_node()->declare_parameters("joints")[m[K;
[2.008s]       |             [01;36m[K~~~~~~~~~~~~~~~~~~~~~~~~~~~~~~^~~~~~~~~~[m[K
[2.008s] In file included from [01m[K/opt/ros/humble/include/controller_interface/controller_interface_base.hpp:29[m[K,
[2.008s]                  from [01m[K/opt/ros/humble/include/controller_interface/controller_interface.hpp:22[m[K,
[2.008s]                  from [01m[K/home/user/ros2_control_example/src/my_controller/include/my_controller/my_controller.hpp:22[m[K,
[2.008s]                  from [01m[K/home/user/ros2_control_example/src/my_controller/src/my_controller.cpp:15[m[K:
[2.008s] [01m[K/opt/ros/humble/include/rclcpp_lifecycle/rclcpp_lifecycle/lifecycle_node.hpp:377:3:[m[K [01;36m[Knote: [m[Kcandidate: â€˜[01m[Ktemplate<class ParameterT> std::vector<BufferT> rclcpp_lifecycle::LifecycleNode::declare_parameters(const string&, const std::map<std::__cxx11::basic_string<char>, std::pair<ParameterT, rcl_interfaces::msg::ParameterDescriptor_<std::allocator<void> > > >&)[m[Kâ€™
[2.008s]   377 |   [01;36m[Kdeclare_parameters[m[K(
[2.008s]       |   [01;36m[K^~~~~~~~~~~~~~~~~~[m[K
[2.008s] [01m[K/opt/ros/humble/include/rclcpp_lifecycle/rclcpp_lifecycle/lifecycle_node.hpp:377:3:[m[K [01;36m[Knote: [m[K  template argument deduction/substitution failed:
[2.008s] [01m[K/home/user/ros2_control_example/src/my_controller/src/my_controller.cpp:34:43:[m[K [01;36m[Knote: [m[K  candidate expects 2 arguments, 1 provided
[2.008s]    34 |             [01;36m[Kget_node()->declare_parameters("joints")[m[K;
[2.008s]       |             [01;36m[K~~~~~~~~~~~~~~~~~~~~~~~~~~~~~~^~~~~~~~~~[m[K
[4.105s] gmake[2]: *** [CMakeFiles/my_controller.dir/build.make:76: CMakeFiles/my_controller.dir/src/my_controller.cpp.o] Error 1
[4.105s] gmake[1]: *** [CMakeFiles/Makefile2:137: CMakeFiles/my_controller.dir/all] Error 2
[4.105s] gmake: *** [Makefile:146: all] Error 2
[4.107s] Invoked command in '/home/user/ros2_control_example/build/my_controller' returned '2': CMAKE_PREFIX_PATH=/opt/ros/humble /usr/bin/cmake --build /home/user/ros2_control_example/build/my_controller -- -j8 -l8
