In file included from [01m[K/home/user/ros2_control_example/src/my_controller2/src/my_controller2.cpp:15[m[K:
[01m[K/home/user/ros2_control_example/src/my_controller2/include/my_controller2/my_controller2.hpp:29:10:[m[K [01;31m[Kfatal error: [m[Kstd_msgs/msg/String.hpp: No such file or directory
   29 | #include [01;31m[K"std_msgs/msg/String.hpp"[m[K                        // <--- now we use string message
      |          [01;31m[K^~~~~~~~~~~~~~~~~~~~~~~~~[m[K
compilation terminated.
gmake[2]: *** [CMakeFiles/my_controller2.dir/build.make:76: CMakeFiles/my_controller2.dir/src/my_controller2.cpp.o] Error 1
gmake[1]: *** [CMakeFiles/Makefile2:137: CMakeFiles/my_controller2.dir/all] Error 2
gmake: *** [Makefile:146: all] Error 2
