[0.009s] Invoking command in '/home/user/ros2_control_example/build/multi_link_controller': AMENT_PREFIX_PATH=/home/user/ros2_control_example/install/custom_interfaces:${AMENT_PREFIX_PATH} CMAKE_PREFIX_PATH=/home/user/ros2_control_example/install/custom_interfaces:/opt/ros/humble LD_LIBRARY_PATH=/home/user/ros2_control_example/install/custom_interfaces/lib:${LD_LIBRARY_PATH} PYTHONPATH=/home/user/ros2_control_example/install/custom_interfaces/local/lib/python3.10/dist-packages:${PYTHONPATH} /usr/bin/cmake --build /home/user/ros2_control_example/build/multi_link_controller -- -j8 -l8
[0.044s] [ 50%] [32mBuilding CXX object CMakeFiles/multi_link_controller.dir/src/multi_link_controller.cpp.o[0m
[1.884s] [01m[K/home/user/ros2_control_example/src/multi_link_controller/src/multi_link_controller.cpp:[m[K In function â€˜[01m[Kfloat round_in_2pi(float)[m[Kâ€™:
[1.884s] [01m[K/home/user/ros2_control_example/src/multi_link_controller/src/multi_link_controller.cpp:24:17:[m[K [01;31m[Kerror: [m[Kinvalid operands of types â€˜[01m[Kfloat[m[Kâ€™ and â€˜[01m[Kdouble[m[Kâ€™ to binary â€˜[01m[Koperator%[m[Kâ€™
[1.884s]    24 |     float m = [32m[Kr[m[K [01;31m[K%[m[K M_PI;
[1.884s]       |               [32m[K~[m[K [01;31m[K^[m[K
[1.884s]       |               [32m[K|[m[K
[1.884s]       |               [32m[Kfloat[m[K
[1.900s] [01m[K/home/user/ros2_control_example/src/multi_link_controller/src/multi_link_controller.cpp:[m[K In member function â€˜[01m[Kvirtual controller_interface::return_type multi_link_controller::MultiLinkController::update(const rclcpp::Time&, const rclcpp::Duration&)[m[Kâ€™:
[1.900s] [01m[K/home/user/ros2_control_example/src/multi_link_controller/src/multi_link_controller.cpp:249:48:[m[K [01;31m[Kerror: [m[Kâ€˜[01m[KI_[m[Kâ€™ was not declared in this scope; did you mean â€˜[01m[KP_[m[Kâ€™?
[1.900s]   249 |             float torque_output = P_ * error + [01;31m[KI_[m[K * error_integral_ + D_ * diff_error;
[1.900s]       |                                                [01;31m[K^~[m[K
[1.900s]       |                                                [32m[KP_[m[K
[1.903s] [01m[K/home/user/ros2_control_example/src/multi_link_controller/src/multi_link_controller.cpp:249:71:[m[K [01;31m[Kerror: [m[Kâ€˜[01m[KD_[m[Kâ€™ was not declared in this scope; did you mean â€˜[01m[KP_[m[Kâ€™?
[1.903s]   249 |             float torque_output = P_ * error + I_ * error_integral_ + [01;31m[KD_[m[K * diff_error;
[1.903s]       |                                                                       [01;31m[K^~[m[K
[1.903s]       |                                                                       [32m[KP_[m[K
[1.904s] [01m[K/home/user/ros2_control_example/src/multi_link_controller/src/multi_link_controller.cpp:235:53:[m[K [01;35m[Kwarning: [m[Kunused parameter â€˜[01m[Ktime[m[Kâ€™ [[01;35m[K]8;;https://gcc.gnu.org/onlinedocs/gcc/Warning-Options.html#index-Wunused-parameter-Wunused-parameter]8;;[m[K]
[1.904s]   235 |     MultiLinkController::update([01;35m[Kconst rclcpp::Time &time[m[K,
[1.904s]       |                                 [01;35m[K~~~~~~~~~~~~~~~~~~~~^~~~[m[K
[3.964s] gmake[2]: *** [CMakeFiles/multi_link_controller.dir/build.make:76: CMakeFiles/multi_link_controller.dir/src/multi_link_controller.cpp.o] Error 1
[3.964s] gmake[1]: *** [CMakeFiles/Makefile2:137: CMakeFiles/multi_link_controller.dir/all] Error 2
[3.964s] gmake: *** [Makefile:146: all] Error 2
[3.966s] Invoked command in '/home/user/ros2_control_example/build/multi_link_controller' returned '2': AMENT_PREFIX_PATH=/home/user/ros2_control_example/install/custom_interfaces:${AMENT_PREFIX_PATH} CMAKE_PREFIX_PATH=/home/user/ros2_control_example/install/custom_interfaces:/opt/ros/humble LD_LIBRARY_PATH=/home/user/ros2_control_example/install/custom_interfaces/lib:${LD_LIBRARY_PATH} PYTHONPATH=/home/user/ros2_control_example/install/custom_interfaces/local/lib/python3.10/dist-packages:${PYTHONPATH} /usr/bin/cmake --build /home/user/ros2_control_example/build/multi_link_controller -- -j8 -l8
