[0.011s] Invoking command in '/home/user/ros2_control_example/build/multi_link_controller': CMAKE_PREFIX_PATH=/home/user/ros2_control_example/install/custom_interfaces:/home/user/ros2_control_example/install/robot_model:/home/user/ros2_control_example/install/my_controller2:/home/user/ros2_control_example/install/my_controller:/home/user/ros2_control_example/install/multi_link_controller:/opt/ros/humble LD_LIBRARY_PATH=/home/user/ros2_control_example/install/custom_interfaces/lib:/home/user/ros2_control_example/install/my_controller2/lib:/home/user/ros2_control_example/install/my_controller/lib:/home/user/ros2_control_example/install/multi_link_controller/lib:/usr/lib/x86_64-linux-gnu/gazebo-11/plugins:/opt/ros/humble/opt/rviz_ogre_vendor/lib:/opt/ros/humble/lib/x86_64-linux-gnu:/opt/ros/humble/lib /usr/bin/cmake --build /home/user/ros2_control_example/build/multi_link_controller -- -j8 -l8
[0.038s] [35m[1mConsolidate compiler generated dependencies of target multi_link_controller[0m
[0.050s] [ 50%] [32mBuilding CXX object CMakeFiles/multi_link_controller.dir/src/multi_link_controller.cpp.o[0m
[1.927s] [01m[K/home/user/ros2_control_example/src/multi_link_controller/src/multi_link_controller.cpp:[m[K In member function â€˜[01m[Kvirtual controller_interface::return_type multi_link_controller::MultiLinkController::update(const rclcpp::Time&, const rclcpp::Duration&)[m[Kâ€™:
[1.928s] [01m[K/home/user/ros2_control_example/src/multi_link_controller/src/multi_link_controller.cpp:260:49:[m[K [01;31m[Kerror: [m[Kexpected â€˜[01m[K;[m[Kâ€™ before â€˜[01m[Kfloat[m[Kâ€™
[1.928s]   260 |             error_integral_before_clamp += error
[1.928s]       |                                                 [01;31m[K^[m[K
[1.928s]       |                                                 [32m[K;[m[K
[1.928s]   261 | 
[1.928s]   262 |             [32m[Kfloat[m[K torque_output = (P_[i] * error + I_[i] * error_integral_before_clamp + D_[i] * diff_error);
[1.928s]       |             [32m[K~~~~~[m[K                                
[1.934s] [01m[K/home/user/ros2_control_example/src/multi_link_controller/src/multi_link_controller.cpp:263:51:[m[K [01;31m[Kerror: [m[Kâ€˜[01m[Ktorque_output[m[Kâ€™ was not declared in this scope
[1.934s]   263 |             float torque_output_after_clip = clip([01;31m[Ktorque_output[m[K, -50.0, 50.0);
[1.934s]       |                                                   [01;31m[K^~~~~~~~~~~~~[m[K
[1.934s] [01m[K/home/user/ros2_control_example/src/multi_link_controller/src/multi_link_controller.cpp:256:19:[m[K [01;35m[Kwarning: [m[Kunused variable â€˜[01m[Kdiff_error[m[Kâ€™ [[01;35m[K]8;;https://gcc.gnu.org/onlinedocs/gcc/Warning-Options.html#index-Wunused-variable-Wunused-variable]8;;[m[K]
[1.934s]   256 |             float [01;35m[Kdiff_error[m[K = (error - previous_error_[i])/ duration.seconds();
[1.934s]       |                   [01;35m[K^~~~~~~~~~[m[K
[1.934s] [01m[K/home/user/ros2_control_example/src/multi_link_controller/src/multi_link_controller.cpp:266:18:[m[K [01;35m[Kwarning: [m[Kunused variable â€˜[01m[Koutput_saturation[m[Kâ€™ [[01;35m[K]8;;https://gcc.gnu.org/onlinedocs/gcc/Warning-Options.html#index-Wunused-variable-Wunused-variable]8;;[m[K]
[1.934s]   266 |             bool [01;35m[Koutput_saturation[m[K = (torque_output_after_clip != torque_output);
[1.935s]       |                  [01;35m[K^~~~~~~~~~~~~~~~~[m[K
[1.935s] [01m[K/home/user/ros2_control_example/src/multi_link_controller/src/multi_link_controller.cpp:244:53:[m[K [01;35m[Kwarning: [m[Kunused parameter â€˜[01m[Ktime[m[Kâ€™ [[01;35m[K]8;;https://gcc.gnu.org/onlinedocs/gcc/Warning-Options.html#index-Wunused-parameter-Wunused-parameter]8;;[m[K]
[1.935s]   244 |     MultiLinkController::update([01;35m[Kconst rclcpp::Time &time[m[K,
[1.935s]       |                                 [01;35m[K~~~~~~~~~~~~~~~~~~~~^~~~[m[K
[3.904s] gmake[2]: *** [CMakeFiles/multi_link_controller.dir/build.make:76: CMakeFiles/multi_link_controller.dir/src/multi_link_controller.cpp.o] Error 1
[3.904s] gmake[1]: *** [CMakeFiles/Makefile2:137: CMakeFiles/multi_link_controller.dir/all] Error 2
[3.904s] gmake: *** [Makefile:146: all] Error 2
[3.906s] Invoked command in '/home/user/ros2_control_example/build/multi_link_controller' returned '2': CMAKE_PREFIX_PATH=/home/user/ros2_control_example/install/custom_interfaces:/home/user/ros2_control_example/install/robot_model:/home/user/ros2_control_example/install/my_controller2:/home/user/ros2_control_example/install/my_controller:/home/user/ros2_control_example/install/multi_link_controller:/opt/ros/humble LD_LIBRARY_PATH=/home/user/ros2_control_example/install/custom_interfaces/lib:/home/user/ros2_control_example/install/my_controller2/lib:/home/user/ros2_control_example/install/my_controller/lib:/home/user/ros2_control_example/install/multi_link_controller/lib:/usr/lib/x86_64-linux-gnu/gazebo-11/plugins:/opt/ros/humble/opt/rviz_ogre_vendor/lib:/opt/ros/humble/lib/x86_64-linux-gnu:/opt/ros/humble/lib /usr/bin/cmake --build /home/user/ros2_control_example/build/multi_link_controller -- -j8 -l8
