[0.013s] Invoking command in '/home/user/ros2_control_example/build/my_controller': CMAKE_PREFIX_PATH=/opt/ros/humble /usr/bin/cmake --build /home/user/ros2_control_example/build/my_controller -- -j8 -l8
[0.050s] [ 50%] [32mBuilding CXX object CMakeFiles/my_controller.dir/src/my_controller.cpp.o[0m
[1.852s] [01m[K/home/user/ros2_control_example/src/my_controller/src/my_controller.cpp:[m[K In member function â€˜[01m[Kvirtual my_controller::CallbackReturn my_controller::MyController::on_init()[m[Kâ€™:
[1.852s] [01m[K/home/user/ros2_control_example/src/my_controller/src/my_controller.cpp:34:42:[m[K [01;31m[Kerror: [m[Kno matching function for call to â€˜[01m[Krclcpp_lifecycle::LifecycleNode::declare_parameter(const char [7])[m[Kâ€™
[1.852s]    34 |             [01;31m[Kget_node()->declare_parameter("joints")[m[K;
[1.853s]       |             [01;31m[K~~~~~~~~~~~~~~~~~~~~~~~~~~~~~^~~~~~~~~~[m[K
[1.853s] In file included from [01m[K/opt/ros/humble/include/controller_interface/controller_interface_base.hpp:29[m[K,
[1.853s]                  from [01m[K/opt/ros/humble/include/controller_interface/controller_interface.hpp:22[m[K,
[1.853s]                  from [01m[K/home/user/ros2_control_example/src/my_controller/include/my_controller/my_controller.hpp:22[m[K,
[1.853s]                  from [01m[K/home/user/ros2_control_example/src/my_controller/src/my_controller.cpp:15[m[K:
[1.853s] [01m[K/opt/ros/humble/include/rclcpp_lifecycle/rclcpp_lifecycle/lifecycle_node.hpp:342:3:[m[K [01;36m[Knote: [m[Kcandidate: â€˜[01m[Ktemplate<class ParameterT> auto rclcpp_lifecycle::LifecycleNode::declare_parameter(const string&, const ParameterT&, const ParameterDescriptor&, bool)[m[Kâ€™
[1.853s]   342 |   [01;36m[Kdeclare_parameter[m[K(
[1.853s]       |   [01;36m[K^~~~~~~~~~~~~~~~~[m[K
[1.853s] [01m[K/opt/ros/humble/include/rclcpp_lifecycle/rclcpp_lifecycle/lifecycle_node.hpp:342:3:[m[K [01;36m[Knote: [m[K  template argument deduction/substitution failed:
[1.853s] [01m[K/home/user/ros2_control_example/src/my_controller/src/my_controller.cpp:34:42:[m[K [01;36m[Knote: [m[K  candidate expects 4 arguments, 1 provided
[1.853s]    34 |             [01;36m[Kget_node()->declare_parameter("joints")[m[K;
[1.853s]       |             [01;36m[K~~~~~~~~~~~~~~~~~~~~~~~~~~~~~^~~~~~~~~~[m[K
[1.853s] In file included from [01m[K/opt/ros/humble/include/controller_interface/controller_interface_base.hpp:29[m[K,
[1.853s]                  from [01m[K/opt/ros/humble/include/controller_interface/controller_interface.hpp:22[m[K,
[1.853s]                  from [01m[K/home/user/ros2_control_example/src/my_controller/include/my_controller/my_controller.hpp:22[m[K,
[1.853s]                  from [01m[K/home/user/ros2_control_example/src/my_controller/src/my_controller.cpp:15[m[K:
[1.854s] [01m[K/opt/ros/humble/include/rclcpp_lifecycle/rclcpp_lifecycle/lifecycle_node.hpp:355:3:[m[K [01;36m[Knote: [m[Kcandidate: â€˜[01m[Ktemplate<class ParameterT> auto rclcpp_lifecycle::LifecycleNode::declare_parameter(const string&, const ParameterDescriptor&, bool)[m[Kâ€™
[1.854s]   355 |   [01;36m[Kdeclare_parameter[m[K(
[1.854s]       |   [01;36m[K^~~~~~~~~~~~~~~~~[m[K
[1.854s] [01m[K/opt/ros/humble/include/rclcpp_lifecycle/rclcpp_lifecycle/lifecycle_node.hpp:355:3:[m[K [01;36m[Knote: [m[K  template argument deduction/substitution failed:
[1.854s] [01m[K/home/user/ros2_control_example/src/my_controller/src/my_controller.cpp:34:42:[m[K [01;36m[Knote: [m[K  couldnâ€™t deduce template parameter â€˜[01m[KParameterT[m[Kâ€™
[1.854s]    34 |             [01;36m[Kget_node()->declare_parameter("joints")[m[K;
[1.854s]       |             [01;36m[K~~~~~~~~~~~~~~~~~~~~~~~~~~~~~^~~~~~~~~~[m[K
[1.854s] In file included from [01m[K/opt/ros/humble/include/controller_interface/controller_interface_base.hpp:29[m[K,
[1.854s]                  from [01m[K/opt/ros/humble/include/controller_interface/controller_interface.hpp:22[m[K,
[1.854s]                  from [01m[K/home/user/ros2_control_example/src/my_controller/include/my_controller/my_controller.hpp:22[m[K,
[1.854s]                  from [01m[K/home/user/ros2_control_example/src/my_controller/src/my_controller.cpp:15[m[K:
[1.854s] [01m[K/opt/ros/humble/include/rclcpp_lifecycle/rclcpp_lifecycle/lifecycle_node.hpp:316:3:[m[K [01;36m[Knote: [m[Kcandidate: â€˜[01m[Kconst rclcpp::ParameterValue& rclcpp_lifecycle::LifecycleNode::declare_parameter(const string&, const rclcpp::ParameterValue&, const ParameterDescriptor&, bool)[m[Kâ€™
[1.854s]   316 |   [01;36m[Kdeclare_parameter[m[K(
[1.854s]       |   [01;36m[K^~~~~~~~~~~~~~~~~[m[K
[1.854s] [01m[K/opt/ros/humble/include/rclcpp_lifecycle/rclcpp_lifecycle/lifecycle_node.hpp:316:3:[m[K [01;36m[Knote: [m[K  candidate expects 4 arguments, 1 provided
[1.854s] [01m[K/opt/ros/humble/include/rclcpp_lifecycle/rclcpp_lifecycle/lifecycle_node.hpp:329:3:[m[K [01;36m[Knote: [m[Kcandidate: â€˜[01m[Kconst rclcpp::ParameterValue& rclcpp_lifecycle::LifecycleNode::declare_parameter(const string&, rclcpp::ParameterType, const ParameterDescriptor&, bool)[m[Kâ€™
[1.855s]   329 |   [01;36m[Kdeclare_parameter[m[K(
[1.855s]       |   [01;36m[K^~~~~~~~~~~~~~~~~[m[K
[1.855s] [01m[K/opt/ros/humble/include/rclcpp_lifecycle/rclcpp_lifecycle/lifecycle_node.hpp:329:3:[m[K [01;36m[Knote: [m[K  candidate expects 4 arguments, 1 provided
[3.881s] gmake[2]: *** [CMakeFiles/my_controller.dir/build.make:76: CMakeFiles/my_controller.dir/src/my_controller.cpp.o] Error 1
[3.881s] gmake[1]: *** [CMakeFiles/Makefile2:137: CMakeFiles/my_controller.dir/all] Error 2
[3.881s] gmake: *** [Makefile:146: all] Error 2
[3.883s] Invoked command in '/home/user/ros2_control_example/build/my_controller' returned '2': CMAKE_PREFIX_PATH=/opt/ros/humble /usr/bin/cmake --build /home/user/ros2_control_example/build/my_controller -- -j8 -l8
