[0.008s] Invoking command in '/home/user/ros2_control_example/build/multi_link_controller': AMENT_PREFIX_PATH=/home/user/ros2_control_example/install/custom_interfaces:${AMENT_PREFIX_PATH} CMAKE_PREFIX_PATH=/home/user/ros2_control_example/install/custom_interfaces:/opt/ros/humble LD_LIBRARY_PATH=/home/user/ros2_control_example/install/custom_interfaces/lib:${LD_LIBRARY_PATH} PYTHONPATH=/home/user/ros2_control_example/install/custom_interfaces/local/lib/python3.10/dist-packages:${PYTHONPATH} /usr/bin/cmake --build /home/user/ros2_control_example/build/multi_link_controller -- -j8 -l8
[0.035s] [35m[1mConsolidate compiler generated dependencies of target multi_link_controller[0m
[0.048s] [ 50%] [32mBuilding CXX object CMakeFiles/multi_link_controller.dir/src/multi_link_controller.cpp.o[0m
[1.884s] [01m[K/home/user/ros2_control_example/src/multi_link_controller/src/multi_link_controller.cpp:[m[K In member function â€˜[01m[Kvirtual controller_interface::InterfaceConfiguration multi_link_controller::MultiLinkController::command_interface_configuration() const[m[Kâ€™:
[1.884s] [01m[K/home/user/ros2_control_example/src/multi_link_controller/src/multi_link_controller.cpp:138:69:[m[K [01;31m[Kerror: [m[Kâ€˜[01m[Kinterface_name_[m[Kâ€™ was not declared in this scope; did you mean â€˜[01m[Kcommand_interface_name_[m[Kâ€™?
[1.884s]   138 |             command_interfaces_config.names.push_back(joint + "/" + [01;31m[Kinterface_name_[m[K); // command_interfaces_[i] order is determined by this line. (command_interfaces_[0] access interface with name = command_interfaces_config.names[0])
[1.884s]       |                                                                     [01;31m[K^~~~~~~~~~~~~~~[m[K
[1.884s]       |                                                                     [32m[Kcommand_interface_name_[m[K
[1.885s] [01m[K/home/user/ros2_control_example/src/multi_link_controller/src/multi_link_controller.cpp:[m[K In member function â€˜[01m[Kvirtual controller_interface::return_type multi_link_controller::MultiLinkController::update(const rclcpp::Time&, const rclcpp::Duration&)[m[Kâ€™:
[1.885s] [01m[K/home/user/ros2_control_example/src/multi_link_controller/src/multi_link_controller.cpp:226:53:[m[K [01;35m[Kwarning: [m[Kunused parameter â€˜[01m[Ktime[m[Kâ€™ [[01;35m[K]8;;https://gcc.gnu.org/onlinedocs/gcc/Warning-Options.html#index-Wunused-parameter-Wunused-parameter]8;;[m[K]
[1.885s]   226 |     MultiLinkController::update([01;35m[Kconst rclcpp::Time &time[m[K,
[1.886s]       |                                 [01;35m[K~~~~~~~~~~~~~~~~~~~~^~~~[m[K
[1.886s] [01m[K/home/user/ros2_control_example/src/multi_link_controller/src/multi_link_controller.cpp:227:53:[m[K [01;35m[Kwarning: [m[Kunused parameter â€˜[01m[Kduration[m[Kâ€™ [[01;35m[K]8;;https://gcc.gnu.org/onlinedocs/gcc/Warning-Options.html#index-Wunused-parameter-Wunused-parameter]8;;[m[K]
[1.886s]   227 |                             [01;35m[Kconst rclcpp::Duration &duration[m[K /*period*/) {
[1.886s]       |                             [01;35m[K~~~~~~~~~~~~~~~~~~~~~~~~^~~~~~~~[m[K
[3.927s] gmake[2]: *** [CMakeFiles/multi_link_controller.dir/build.make:76: CMakeFiles/multi_link_controller.dir/src/multi_link_controller.cpp.o] Error 1
[3.928s] gmake[1]: *** [CMakeFiles/Makefile2:137: CMakeFiles/multi_link_controller.dir/all] Error 2
[3.928s] gmake: *** [Makefile:146: all] Error 2
[3.929s] Invoked command in '/home/user/ros2_control_example/build/multi_link_controller' returned '2': AMENT_PREFIX_PATH=/home/user/ros2_control_example/install/custom_interfaces:${AMENT_PREFIX_PATH} CMAKE_PREFIX_PATH=/home/user/ros2_control_example/install/custom_interfaces:/opt/ros/humble LD_LIBRARY_PATH=/home/user/ros2_control_example/install/custom_interfaces/lib:${LD_LIBRARY_PATH} PYTHONPATH=/home/user/ros2_control_example/install/custom_interfaces/local/lib/python3.10/dist-packages:${PYTHONPATH} /usr/bin/cmake --build /home/user/ros2_control_example/build/multi_link_controller -- -j8 -l8
